{
  "summary": {
    "totalRecords": 30,
    "processedRecords": 30,
    "successfulUpdates": 28,
    "failedUpdates": 0,
    "successfulConditions": 62,
    "failedConditions": 0,
    "successfulLabResults": 37,
    "failedLabResults": 0
  },
  "errorCount": 2,
  "warningCount": 0,
  "errors": [
    {
      "type": "VALIDATION",
      "patientId": "f39a7f6a-ddf8-43c1-a716-d8202230eb6e",
      "encounterId": "89b947ca-3fec-4ffe-a8e4-b3d27b42a88c",
      "message": "Encounter does not belong to specified patient",
      "details": {
        "expectedPatientId": "f39a7f6a-ddf8-43c1-a716-d8202230eb6e",
        "actualPatientId": "f36a9d21-84b4-4db3-a601-7b76c19a5923"
      },
      "timestamp": "2025-05-27T00:34:38.932Z"
    },
    {
      "type": "VALIDATION",
      "patientId": "f39a7f6a-ddf8-43c1-a716-d8202230eb6e",
      "encounterId": "413f8504-b879-4ade-a630-8272c4941c6a",
      "message": "Encounter does not belong to specified patient",
      "details": {
        "expectedPatientId": "f39a7f6a-ddf8-43c1-a716-d8202230eb6e",
        "actualPatientId": "f36a9d21-84b4-4db3-a601-7b76c19a5923"
      },
      "timestamp": "2025-05-27T00:34:39.352Z"
    }
  ],
  "warnings": [],
  "reportGeneratedAt": "2025-05-27T00:35:07.046Z"
}